<?xml version="1.0" encoding="UTF-8"?>
<testng-results skipped="0" failed="0" ignored="0" total="1" passed="1">
  <reporter-output>
  </reporter-output>
  <suite name="Default suite" duration-ms="54629" started-at="2020-05-14T23:47:57 EDT" finished-at="2020-05-14T23:48:51 EDT">
    <groups>
    </groups>
    <test name="Default test" duration-ms="54629" started-at="2020-05-14T23:47:57 EDT" finished-at="2020-05-14T23:48:51 EDT">
      <class name="practice.PracticeHandle">
        <test-method status="PASS" signature="practiceHandle()[pri:0, instance:practice.PracticeHandle@696da30b]" name="practiceHandle" duration-ms="54556" started-at="2020-05-14T23:47:57 EDT" finished-at="2020-05-14T23:48:51 EDT">
          <reporter-output>
          </reporter-output>
        </test-method> <!-- practiceHandle -->
      </class> <!-- practice.PracticeHandle -->
    </test> <!-- Default test -->
  </suite> <!-- Default suite -->
</testng-results>
