<?xml version="1.0" encoding="UTF-8"?>
<testng-results skipped="0" failed="0" ignored="0" total="1" passed="1">
  <reporter-output>
  </reporter-output>
  <suite name="Default suite" duration-ms="7280" started-at="2020-05-14T22:26:19 EDT" finished-at="2020-05-14T22:26:27 EDT">
    <groups>
    </groups>
    <test name="Default test" duration-ms="7280" started-at="2020-05-14T22:26:19 EDT" finished-at="2020-05-14T22:26:27 EDT">
      <class name="assignment1.Login">
        <test-method status="PASS" signature="login()[pri:0, instance:assignment1.Login@72cde7cc]" name="login" duration-ms="7193" started-at="2020-05-14T22:26:19 EDT" finished-at="2020-05-14T22:26:27 EDT">
          <reporter-output>
          </reporter-output>
        </test-method> <!-- login -->
      </class> <!-- assignment1.Login -->
    </test> <!-- Default test -->
  </suite> <!-- Default suite -->
</testng-results>
